<?xml version="1.0" encoding="UTF-8"?>
<!-- Generated by org.testng.reporters.JUnitXMLReporter -->
<testsuite hostname="DESKTOP-LAO6R8V" ignored="0" name="Regression Test" tests="6" failures="0" timestamp="2022-12-15T17:48:06 GMT" time="45.45" errors="0">
  <testcase name="verifyJobSearchResultUsingDifferentDataSet" time="3.441" classname="uk.co.library.testsuite.JobSearchTest"/>
  <testcase name="verifyJobSearchResultUsingDifferentDataSet" time="3.109" classname="uk.co.library.testsuite.JobSearchTest"/>
  <testcase name="verifyJobSearchResultUsingDifferentDataSet" time="3.173" classname="uk.co.library.testsuite.JobSearchTest"/>
  <testcase name="verifyJobSearchResultUsingDifferentDataSet" time="3.758" classname="uk.co.library.testsuite.JobSearchTest"/>
  <testcase name="verifyJobSearchResultUsingDifferentDataSet" time="3.4" classname="uk.co.library.testsuite.JobSearchTest"/>
  <testcase name="verifyJobSearchResultUsingDifferentDataSet" time="3.841" classname="uk.co.library.testsuite.JobSearchTest"/>
</testsuite> <!-- Regression Test -->
