<?xml version="1.0" encoding="UTF-8"?>
<!-- Generated by org.testng.reporters.JUnitXMLReporter -->
<testsuite hostname="DESKTOP-LAO6R8V" ignored="0" name="Login Test" tests="6" failures="0" timestamp="2022-12-16T00:05:28 GMT" time="48.002" errors="0">
  <testcase name="verifyJobSearchResultUsingDifferentDataSet" time="3.401" classname="uk.co.library.testsuite.JobSearchTest"/>
  <testcase name="verifyJobSearchResultUsingDifferentDataSet" time="3.593" classname="uk.co.library.testsuite.JobSearchTest"/>
  <testcase name="verifyJobSearchResultUsingDifferentDataSet" time="3.195" classname="uk.co.library.testsuite.JobSearchTest"/>
  <testcase name="verifyJobSearchResultUsingDifferentDataSet" time="4.051" classname="uk.co.library.testsuite.JobSearchTest"/>
  <testcase name="verifyJobSearchResultUsingDifferentDataSet" time="3.394" classname="uk.co.library.testsuite.JobSearchTest"/>
  <testcase name="verifyJobSearchResultUsingDifferentDataSet" time="3.13" classname="uk.co.library.testsuite.JobSearchTest"/>
</testsuite> <!-- Login Test -->
